Using pre-set license
Built from '2020.3/staging' branch; Version is '2020.3.16f1 (049d6eca3c44) revision 302446'; Using compiler version '192528614'; Build Type 'Release'
OS: 'Windows 10 Education; OS build 19043.985; Version 2009; 64bit' Language: 'en' Physical Memory: 32698 MB
BatchMode: 1, IsHumanControllingUs: 0, StartBugReporterOnCrash: 0, Is64bit: 1, IsPro: 0

 COMMAND LINE ARGUMENTS:
H:\Tools\Unity\2020.3.16f1\Editor\Unity.exe
-adb2
-batchMode
-noUpm
-name
AssetImportWorker3
-projectPath
C:/Users/Alex Van Oss/Documents/GitHub/CSC-Winter-2020/Turn Based Strategy
-logFile
Logs/AssetImportWorker3.log
-srvPort
52551
Successfully changed project path to: C:/Users/Alex Van Oss/Documents/GitHub/CSC-Winter-2020/Turn Based Strategy
C:/Users/Alex Van Oss/Documents/GitHub/CSC-Winter-2020/Turn Based Strategy
Using Asset Import Pipeline V2.
Refreshing native plugins compatible for Editor in 79.47 ms, found 1 plugins.
Preloading 0 native plugins for Editor in 0.00 ms.
Initialize engine version: 2020.3.16f1 (049d6eca3c44)
[Subsystems] Discovering subsystems at path H:/Tools/Unity/2020.3.16f1/Editor/Data/Resources/UnitySubsystems
[Subsystems] Discovering subsystems at path C:/Users/Alex Van Oss/Documents/GitHub/CSC-Winter-2020/Turn Based Strategy/Assets
GfxDevice: creating device client; threaded=0
Direct3D:
    Version:  Direct3D 11.0 [level 11.1]
    Renderer: NVIDIA GeForce GTX 980 Ti (ID=0x17c8)
    Vendor:   
    VRAM:     6097 MB
    Driver:   26.21.14.3107
Initialize mono
Mono path[0] = 'H:/Tools/Unity/2020.3.16f1/Editor/Data/Managed'
Mono path[1] = 'H:/Tools/Unity/2020.3.16f1/Editor/Data/MonoBleedingEdge/lib/mono/unityjit'
Mono config path = 'H:/Tools/Unity/2020.3.16f1/Editor/Data/MonoBleedingEdge/etc'
Using monoOptions --debugger-agent=transport=dt_socket,embedding=1,server=y,suspend=n,address=127.0.0.1:56276
Begin MonoManager ReloadAssembly
Registering precompiled unity dll's ...
Register platform support module: H:/Tools/Unity/2020.3.16f1/Editor/Data/PlaybackEngines/WindowsStandaloneSupport/UnityEditor.WindowsStandalone.Extensions.dll
Registered in 0.000904 seconds.
Native extension for WindowsStandalone target not found
Refreshing native plugins compatible for Editor in 84.13 ms, found 1 plugins.
Preloading 0 native plugins for Editor in 0.00 ms.
Mono: successfully reloaded assembly
- Completed reload, in 13.683 seconds
Domain Reload Profiling:
	ReloadAssembly (13683ms)
		BeginReloadAssembly (42ms)
			ExecutionOrderSort (0ms)
			DisableScriptedObjects (0ms)
			BackupInstance (0ms)
			ReleaseScriptingObjects (0ms)
			CreateAndSetChildDomain (1ms)
		EndReloadAssembly (547ms)
			LoadAssemblies (41ms)
			RebuildTransferFunctionScriptingTraits (0ms)
			SetupTypeCache (247ms)
			ReleaseScriptCaches (0ms)
			RebuildScriptCaches (35ms)
			SetupLoadedEditorAssemblies (204ms)
				LogAssemblyErrors (0ms)
				InitializePlatformSupportModulesInManaged (4ms)
				SetLoadedEditorAssemblies (0ms)
				RefreshPlugins (84ms)
				BeforeProcessingInitializeOnLoad (14ms)
				ProcessInitializeOnLoadAttributes (71ms)
				ProcessInitializeOnLoadMethodAttributes (31ms)
				AfterProcessingInitializeOnLoad (0ms)
				EditorAssembliesLoaded (0ms)
			ExecutionOrderSort2 (0ms)
			AwakeInstancesAfterBackupRestoration (0ms)
Platform modules already initialized, skipping
Registering precompiled user dll's ...
Registered in 0.003657 seconds.
Begin MonoManager ReloadAssembly
Symbol file LoadedFromMemory doesn't match image C:\Users\Alex Van Oss\Documents\GitHub\CSC-Winter-2020\Turn Based Strategy\Library\PackageCache\com.unity.visualscripting@1.6.1\Editor\VisualScripting.Core\Dependencies\YamlDotNet\Unity.VisualScripting.YamlDotNet.dll
Symbol file LoadedFromMemory doesn't match image C:\Users\Alex Van Oss\Documents\GitHub\CSC-Winter-2020\Turn Based Strategy\Library\PackageCache\com.unity.visualscripting@1.6.1\Editor\VisualScripting.Core\Dependencies\DotNetZip\Unity.VisualScripting.IonicZip.dll
Native extension for WindowsStandalone target not found
Refreshing native plugins compatible for Editor in 0.76 ms, found 1 plugins.
Preloading 0 native plugins for Editor in 0.00 ms.
Find all reader and writers took 186 milliseconds
Script Module: UnityEngine.UI.dll
Weave behaviours and messages took 165 milliseconds
Find all reader and writers took 135 milliseconds
Script Module: UnityEngine.TestRunner.dll
Weave behaviours and messages took 100 milliseconds
Find all reader and writers took 134 milliseconds
Script Module: Unity.Mathematics.dll
Weave behaviours and messages took 408 milliseconds
Find all reader and writers took 123 milliseconds
Script Module: SimpleWebTransport.dll
Weave behaviours and messages took 15 milliseconds
Find all reader and writers took 142 milliseconds
Script Module: Unity.VisualScripting.State.dll
Weave behaviours and messages took 10 milliseconds
Find all reader and writers took 146 milliseconds
Script Module: Unity.VisualScripting.Core.dll
Weave behaviours and messages took 261 milliseconds
